<?xml version="1.0" encoding="UTF-8"?>
<!-- Generated by org.testng.reporters.JUnitReportReporter -->
<testsuite skipped="0" hostname="LAPTOP-S3E6FN1T" name="com.testcases.SignInTest" tests="1" failures="0" timestamp="03 Dec 2019 19:26:13 GMT" time="5.626" errors="0">
  <testcase name="signInTest" time="5.626" classname="com.testcases.SignInTest"/>
</testsuite> <!-- com.testcases.SignInTest -->
