<?xml version="1.0" encoding="UTF-8"?>
<!-- Generated by org.testng.reporters.JUnitReportReporter -->
<testsuite skipped="0" hostname="LAPTOP-S3E6FN1T" name="com.testcases.SignInTest" tests="1" failures="0" timestamp="29 Nov 2019 15:22:37 GMT" time="6.392" errors="0">
  <testcase name="signInTest" time="6.392" classname="com.testcases.SignInTest"/>
</testsuite> <!-- com.testcases.SignInTest -->
