<?xml version="1.0" encoding="UTF-8"?>
<!-- Generated by org.testng.reporters.JUnitReportReporter -->
<testsuite skipped="0" hostname="LAPTOP-S3E6FN1T" name="com.testcases.SignInTest" tests="1" failures="0" timestamp="01 Dec 2019 18:45:37 GMT" time="7.638" errors="0">
  <testcase name="signInTest" time="7.638" classname="com.testcases.SignInTest"/>
</testsuite> <!-- com.testcases.SignInTest -->
